<?xml version="1.0" encoding="UTF-8" ?>
<testsuite 
errors="1" failures="0" hostname="MacBookPro-of-ggripon" name="MapTaskTest" tests="0" time="0.0" timestamp="2022-05-11T19:04:51">
  <properties>
    <property
    name="java.runtime.name" value="Java(TM) SE Runtime Environment"/>
    <property
    name="sun.boot.library.path" value="/Library/Internet Plug-Ins/JavaAppletPlugin.plugin/Contents/Home/lib"/>
    <property name="java.vm.version" value="25.331-b09"/>
    <property name="gopherProxySet" value="false"/>
    <property name="java.vm.vendor" value="Oracle Corporation"/>
    <property name="java.vendor.url" value="http://java.oracle.com/"/>
    <property name="path.separator" value=":"/>
    <property name="java.vm.name" value="Java HotSpot(TM) 64-Bit Server VM"/>
    <property name="file.encoding.pkg" value="sun.io"/>
    <property name="user.country" value="FR"/>
    <property name="sun.java.launcher" value="SUN_STANDARD"/>
    <property name="sun.os.patch.level" value="unknown"/>
    <property
    name="java.vm.specification.name" value="Java Virtual Machine Specification"/>
    <property
    name="user.dir" value="/Users/ggripon/IdeaProjects/WordCountCucumberScala_GhislainGripon"/>
    <property name="java.runtime.version" value="1.8.0_331-b09"/>
    <property
    name="java.awt.graphicsenv" value="sun.awt.CGraphicsEnvironment"/>
    <property
    name="basedir" value="/Users/ggripon/IdeaProjects/WordCountCucumberScala_GhislainGripon"/>
    <property
    name="java.endorsed.dirs" value="/Library/Internet Plug-Ins/JavaAppletPlugin.plugin/Contents/Home/lib/endorsed"/>
    <property name="os.arch" value="x86_64"/>
    <property
    name="java.io.tmpdir" value="/var/folders/2h/1s2lklbn40sdhmvjbxdvt0z40000gq/T/"/>
    <property name="line.separator" value=" "/>
    <property name="java.vm.specification.vendor" value="Oracle Corporation"/>
    <property name="os.name" value="Mac OS X"/>
    <property name="sun.jnu.encoding" value="UTF-8"/>
    <property
    name="java.library.path" value="/Users/ggripon/Library/Java/Extensions:/Library/Java/Extensions:/Network/Library/Java/Extensions:/System/Library/Java/Extensions:/usr/lib/java:."/>
    <property
    name="java.specification.name" value="Java Platform API Specification"/>
    <property name="java.class.version" value="52.0"/>
    <property
    name="sun.management.compiler" value="HotSpot 64-Bit Tiered Compilers"/>
    <property name="os.version" value="12.3.1"/>
    <property name="user.home" value="/Users/ggripon"/>
    <property name="user.timezone" value=""/>
    <property name="java.awt.printerjob" value="sun.lwawt.macosx.CPrinterJob"/>
    <property name="file.encoding" value="UTF-8"/>
    <property name="java.specification.version" value="1.8"/>
    <property name="user.name" value="ggripon"/>
    <property
    name="java.class.path" value="/Users/ggripon/IdeaProjects/WordCountCucumberScala_GhislainGripon/target/test-classes:/Users/ggripon/IdeaProjects/WordCountCucumberScala_GhislainGripon/target/classes:/Users/ggripon/.m2/repository/org/scala-lang/scala-library/2.13.8/scala-library-2.13.8.jar:/Users/ggripon/.m2/repository/junit/junit/4.13.2/junit-4.13.2.jar:/Users/ggripon/.m2/repository/org/hamcrest/hamcrest-core/1.3/hamcrest-core-1.3.jar:/Users/ggripon/.m2/repository/org/scalatestplus/junit-4-13_2.13/3.2.12.0/junit-4-13_2.13-3.2.12.0.jar:/Users/ggripon/.m2/repository/org/scalatest/scalatest-core_2.13/3.2.12/scalatest-core_2.13-3.2.12.jar:/Users/ggripon/.m2/repository/org/scalatest/scalatest-compatible/3.2.12/scalatest-compatible-3.2.12.jar:/Users/ggripon/.m2/repository/org/scalactic/scalactic_2.13/3.2.12/scalactic_2.13-3.2.12.jar:/Users/ggripon/.m2/repository/org/mongodb/scala/mongo-scala-driver_2.13/4.6.0/mongo-scala-driver_2.13-4.6.0.jar:/Users/ggripon/.m2/repository/org/scala-lang/scala-reflect/2.13.6/scala-reflect-2.13.6.jar:/Users/ggripon/.m2/repository/org/mongodb/scala/mongo-scala-bson_2.13/4.6.0/mongo-scala-bson_2.13-4.6.0.jar:/Users/ggripon/.m2/repository/org/mongodb/bson/4.6.0/bson-4.6.0.jar:/Users/ggripon/.m2/repository/org/mongodb/mongodb-driver-reactivestreams/4.6.0/mongodb-driver-reactivestreams-4.6.0.jar:/Users/ggripon/.m2/repository/org/reactivestreams/reactive-streams/1.0.3/reactive-streams-1.0.3.jar:/Users/ggripon/.m2/repository/io/projectreactor/reactor-core/3.2.22.RELEASE/reactor-core-3.2.22.RELEASE.jar:/Users/ggripon/.m2/repository/org/mongodb/mongodb-driver-core/4.6.0/mongodb-driver-core-4.6.0.jar:/Users/ggripon/.m2/repository/org/mongodb/bson-record-codec/4.6.0/bson-record-codec-4.6.0.jar:/Users/ggripon/.m2/repository/org/slf4j/slf4j-reload4j/1.7.36/slf4j-reload4j-1.7.36.jar:/Users/ggripon/.m2/repository/org/slf4j/slf4j-api/1.7.36/slf4j-api-1.7.36.jar:/Users/ggripon/.m2/repository/ch/qos/reload4j/reload4j/1.2.19/reload4j-1.2.19.jar:/Users/ggripon/.m2/repository/org/scalatest/scalatest_2.13/3.2.12/scalatest_2.13-3.2.12.jar:/Users/ggripon/.m2/repository/org/scalatest/scalatest-featurespec_2.13/3.2.12/scalatest-featurespec_2.13-3.2.12.jar:/Users/ggripon/.m2/repository/org/scalatest/scalatest-flatspec_2.13/3.2.12/scalatest-flatspec_2.13-3.2.12.jar:/Users/ggripon/.m2/repository/org/scalatest/scalatest-freespec_2.13/3.2.12/scalatest-freespec_2.13-3.2.12.jar:/Users/ggripon/.m2/repository/org/scalatest/scalatest-funsuite_2.13/3.2.12/scalatest-funsuite_2.13-3.2.12.jar:/Users/ggripon/.m2/repository/org/scalatest/scalatest-funspec_2.13/3.2.12/scalatest-funspec_2.13-3.2.12.jar:/Users/ggripon/.m2/repository/org/scalatest/scalatest-propspec_2.13/3.2.12/scalatest-propspec_2.13-3.2.12.jar:/Users/ggripon/.m2/repository/org/scalatest/scalatest-refspec_2.13/3.2.12/scalatest-refspec_2.13-3.2.12.jar:/Users/ggripon/.m2/repository/org/scalatest/scalatest-wordspec_2.13/3.2.12/scalatest-wordspec_2.13-3.2.12.jar:/Users/ggripon/.m2/repository/org/scalatest/scalatest-diagrams_2.13/3.2.12/scalatest-diagrams_2.13-3.2.12.jar:/Users/ggripon/.m2/repository/org/scalatest/scalatest-matchers-core_2.13/3.2.12/scalatest-matchers-core_2.13-3.2.12.jar:/Users/ggripon/.m2/repository/org/scalatest/scalatest-shouldmatchers_2.13/3.2.12/scalatest-shouldmatchers_2.13-3.2.12.jar:/Users/ggripon/.m2/repository/org/scalatest/scalatest-mustmatchers_2.13/3.2.12/scalatest-mustmatchers_2.13-3.2.12.jar:/Users/ggripon/.m2/repository/org/specs2/specs2-core_2.13/4.15.0/specs2-core_2.13-4.15.0.jar:/Users/ggripon/.m2/repository/org/specs2/specs2-matcher_2.13/4.15.0/specs2-matcher_2.13-4.15.0.jar:/Users/ggripon/.m2/repository/org/specs2/specs2-common_2.13/4.15.0/specs2-common_2.13-4.15.0.jar:/Users/ggripon/.m2/repository/org/specs2/specs2-fp_2.13/4.15.0/specs2-fp_2.13-4.15.0.jar:/Users/ggripon/.m2/repository/org/scala-lang/modules/scala-parser-combinators_2.13/1.1.2/scala-parser-combinators_2.13-1.1.2.jar:/Users/ggripon/.m2/repository/org/scala-sbt/test-interface/1.0/test-interface-1.0.jar:/Users/ggripon/.m2/repository/org/portable-scala/portable-scala-reflect_2.13/1.1.1/portable-scala-reflect_2.13-1.1.1.jar:/Users/ggripon/.m2/repository/org/specs2/specs2-junit_2.13/4.15.0/specs2-junit_2.13-4.15.0.jar:/Users/ggripon/.m2/repository/org/scala-lang/modules/scala-xml_2.13/1.3.0/scala-xml_2.13-1.3.0.jar:/Users/ggripon/.m2/repository/org/scala-lang/scala-compiler/2.13.8/scala-compiler-2.13.8.jar:/Users/ggripon/.m2/repository/org/jline/jline/3.21.0/jline-3.21.0.jar:/Users/ggripon/.m2/repository/net/java/dev/jna/jna/5.9.0/jna-5.9.0.jar:/Users/ggripon/.m2/repository/io/cucumber/cucumber-scala_2.13/8.3.2/cucumber-scala_2.13-8.3.2.jar:/Users/ggripon/.m2/repository/io/cucumber/cucumber-junit-platform-engine/7.3.3/cucumber-junit-platform-engine-7.3.3.jar:/Users/ggripon/.m2/repository/org/junit/platform/junit-platform-engine/1.8.2/junit-platform-engine-1.8.2.jar:/Users/ggripon/.m2/repository/org/opentest4j/opentest4j/1.2.0/opentest4j-1.2.0.jar:/Users/ggripon/.m2/repository/org/junit/platform/junit-platform-commons/1.8.2/junit-platform-commons-1.8.2.jar:/Users/ggripon/.m2/repository/io/cucumber/cucumber-junit/7.3.3/cucumber-junit-7.3.3.jar:/Users/ggripon/.m2/repository/org/apiguardian/apiguardian-api/1.1.2/apiguardian-api-1.1.2.jar:/Users/ggripon/.m2/repository/io/cucumber/cucumber-core/7.3.3/cucumber-core-7.3.3.jar:/Users/ggripon/.m2/repository/io/cucumber/cucumber-gherkin/7.3.3/cucumber-gherkin-7.3.3.jar:/Users/ggripon/.m2/repository/io/cucumber/cucumber-gherkin-messages/7.3.3/cucumber-gherkin-messages-7.3.3.jar:/Users/ggripon/.m2/repository/io/cucumber/gherkin/23.0.1/gherkin-23.0.1.jar:/Users/ggripon/.m2/repository/io/cucumber/messages/18.0.0/messages-18.0.0.jar:/Users/ggripon/.m2/repository/io/cucumber/tag-expressions/4.1.0/tag-expressions-4.1.0.jar:/Users/ggripon/.m2/repository/io/cucumber/cucumber-expressions/15.1.1/cucumber-expressions-15.1.1.jar:/Users/ggripon/.m2/repository/io/cucumber/datatable/7.3.3/datatable-7.3.3.jar:/Users/ggripon/.m2/repository/io/cucumber/cucumber-plugin/7.3.3/cucumber-plugin-7.3.3.jar:/Users/ggripon/.m2/repository/io/cucumber/docstring/7.3.3/docstring-7.3.3.jar:/Users/ggripon/.m2/repository/io/cucumber/html-formatter/19.1.0/html-formatter-19.1.0.jar:/Users/ggripon/.m2/repository/io/cucumber/ci-environment/9.0.4/ci-environment-9.0.4.jar:/Users/ggripon/.m2/repository/io/circe/circe-yaml_2.13/0.14.1/circe-yaml_2.13-0.14.1.jar:/Users/ggripon/.m2/repository/org/yaml/snakeyaml/1.28/snakeyaml-1.28.jar:/Users/ggripon/.m2/repository/io/circe/circe-core_2.13/0.14.1/circe-core_2.13-0.14.1.jar:/Users/ggripon/.m2/repository/io/circe/circe-numbers_2.13/0.14.1/circe-numbers_2.13-0.14.1.jar:/Users/ggripon/.m2/repository/org/typelevel/cats-core_2.13/2.6.1/cats-core_2.13-2.6.1.jar:/Users/ggripon/.m2/repository/org/typelevel/cats-kernel_2.13/2.6.1/cats-kernel_2.13-2.6.1.jar:/Users/ggripon/.m2/repository/org/typelevel/simulacrum-scalafix-annotations_2.13/0.5.4/simulacrum-scalafix-annotations_2.13-0.5.4.jar:/Users/ggripon/.m2/repository/io/circe/circe-parser_2.13/0.14.1/circe-parser_2.13-0.14.1.jar:/Users/ggripon/.m2/repository/io/circe/circe-jawn_2.13/0.14.1/circe-jawn_2.13-0.14.1.jar:/Users/ggripon/.m2/repository/org/typelevel/jawn-parser_2.13/1.1.2/jawn-parser_2.13-1.1.2.jar:/Users/ggripon/.m2/repository/io/circe/circe-generic-extras_2.13/0.14.1/circe-generic-extras_2.13-0.14.1.jar:/Users/ggripon/.m2/repository/io/circe/circe-generic_2.13/0.14.1/circe-generic_2.13-0.14.1.jar:/Users/ggripon/.m2/repository/com/chuusai/shapeless_2.13/2.3.7/shapeless_2.13-2.3.7.jar"/>
    <property name="java.vm.specification.version" value="1.8"/>
    <property name="sun.arch.data.model" value="64"/>
    <property
    name="java.home" value="/Library/Internet Plug-Ins/JavaAppletPlugin.plugin/Contents/Home"/>
    <property
    name="sun.java.command" value="org.scalatest.tools.Runner -R /Users/ggripon/IdeaProjects/WordCountCucumberScala_GhislainGripon/target/classes /Users/ggripon/IdeaProjects/WordCountCucumberScala_GhislainGripon/target/test-classes -o -f /Users/ggripon/IdeaProjects/WordCountCucumberScala_GhislainGripon/target/surefire-reports/TestSuiteReport.txt -u /Users/ggripon/IdeaProjects/WordCountCucumberScala_GhislainGripon/target/surefire-reports/."/>
    <property name="java.specification.vendor" value="Oracle Corporation"/>
    <property name="user.language" value="fr"/>
    <property name="awt.toolkit" value="sun.lwawt.macosx.LWCToolkit"/>
    <property name="java.vm.info" value="mixed mode"/>
    <property name="java.version" value="1.8.0_331"/>
    <property
    name="java.ext.dirs" value="/Users/ggripon/Library/Java/Extensions:/Library/Internet Plug-Ins/JavaAppletPlugin.plugin/Contents/Home/lib/ext:/Library/Java/Extensions:/Network/Library/Java/Extensions:/System/Library/Java/Extensions:/usr/lib/java"/>
    <property
    name="sun.boot.class.path" value="/Library/Internet Plug-Ins/JavaAppletPlugin.plugin/Contents/Home/lib/resources.jar:/Library/Internet Plug-Ins/JavaAppletPlugin.plugin/Contents/Home/lib/rt.jar:/Library/Internet Plug-Ins/JavaAppletPlugin.plugin/Contents/Home/lib/sunrsasign.jar:/Library/Internet Plug-Ins/JavaAppletPlugin.plugin/Contents/Home/lib/jsse.jar:/Library/Internet Plug-Ins/JavaAppletPlugin.plugin/Contents/Home/lib/jce.jar:/Library/Internet Plug-Ins/JavaAppletPlugin.plugin/Contents/Home/lib/charsets.jar:/Library/Internet Plug-Ins/JavaAppletPlugin.plugin/Contents/Home/lib/jfr.jar:/Library/Internet Plug-Ins/JavaAppletPlugin.plugin/Contents/Home/classes"/>
    <property name="java.vendor" value="Oracle Corporation"/>
    <property name="file.separator" value="/"/>
    <property
    name="java.vendor.url.bug" value="http://bugreport.sun.com/bugreport/"/>
    <property name="sun.cpu.endian" value="little"/>
    <property name="sun.io.unicode.encoding" value="UnicodeBig"/>
    <property name="sun.cpu.isalist" value=""/>
  </properties>
  <system-out><![CDATA[]]></system-out>
  <system-err>
    <![CDATA[java.lang.RuntimeException: Unable to load a Suite class that was discovered in the runpath: MapTaskTest 
      at org.scalatest.tools.DiscoverySuite$.getSuiteInstance(DiscoverySuite.scala:81)
      at org.scalatest.tools.DiscoverySuite.$anonfun$nestedSuites$1(DiscoverySuite.scala:38)
      at scala.collection.immutable.Vector1.map(Vector.scala:1886)
      at scala.collection.immutable.Vector1.map(Vector.scala:375)
      at org.scalatest.tools.DiscoverySuite.<init>(DiscoverySuite.scala:37)
      at org.scalatest.tools.Runner$.genDiscoSuites$1(Runner.scala:1131)
      at org.scalatest.tools.Runner$.doRunRunRunDaDoRunRun(Runner.scala:1225)
      at org.scalatest.tools.Runner$.$anonfun$runOptionallyWithPassFailReporter$24(Runner.scala:992)
      at org.scalatest.tools.Runner$.$anonfun$runOptionallyWithPassFailReporter$24$adapted(Runner.scala:970)
      at org.scalatest.tools.Runner$.withClassLoaderAndDispatchReporter(Runner.scala:1481)
      at org.scalatest.tools.Runner$.runOptionallyWithPassFailReporter(Runner.scala:970)
      at org.scalatest.tools.Runner$.main(Runner.scala:775)
      at org.scalatest.tools.Runner.main(Runner.scala)
      Cause: DecodingFailure(Attempt to decode value on failed cursor, List(DownField(directory), DownField(data)))
      at 
]]>
  </system-err>
</testsuite>
